<?xml version="1.0" encoding="UTF-8"?>
<testng-results skipped="1" failed="0" ignored="0" total="2" passed="1">
  <reporter-output>
  </reporter-output>
  <suite name="CrossBrowserTestExample" duration-ms="4759" started-at="2022-02-11T00:19:50Z" finished-at="2022-02-11T00:19:55Z">
    <groups>
    </groups>
    <test name="Chrome Browser Test" duration-ms="1910" started-at="2022-02-11T00:19:50Z" finished-at="2022-02-11T00:19:52Z">
      <class name="com.baseclass.BaseClass">
        <test-method status="FAIL" signature="setUp(java.lang.String)[pri:0, instance:com.baseclass.BaseClass@3af9c5b7]" name="setUp" is-config="true" duration-ms="1852" started-at="2022-02-11T00:19:50Z" finished-at="2022-02-11T00:19:52Z">
          <params>
            <param index="0">
              <value>
                <![CDATA[chrome]]>
              </value>
            </param>
          </params>
          <exception class="org.openqa.selenium.SessionNotCreatedException">
            <message>
              <![CDATA[session not created: This version of ChromeDriver only supports Chrome version 96
Current browser version is 98.0.4758.82 with binary path C:\Program Files (x86)\Google\Chrome\Application\chrome.exe
Build info: version: '3.141.59', revision: 'e82be7d358', time: '2018-11-14T08:17:03'
System info: host: 'MIRHUQUE74C0', ip: '10.211.55.4', os.name: 'Windows 10', os.arch: 'amd64', os.version: '10.0', java.version: '1.8.0_311'
Driver info: driver.version: ChromeDriver
remote stacktrace: Backtrace:
Ordinal0 [0x01146903+2517251]
Ordinal0 [0x010DF8E1+2095329]
Ordinal0 [0x00FE2848+1058888]
Ordinal0 [0x01000B9D+1182621]
Ordinal0 [0x00FFCA60+1165920]
Ordinal0 [0x00FFA2CF+1155791]
Ordinal0 [0x0102AAAF+1354415]
Ordinal0 [0x0102A71A+1353498]
Ordinal0 [0x0102639B+1336219]
Ordinal0 [0x010027A7+1189799]
Ordinal0 [0x01003609+1193481]
GetHandleVerifier [0x012D5904+1577972]
GetHandleVerifier [0x01380B97+2279047]
GetHandleVerifier [0x011D6D09+534521]
GetHandleVerifier [0x011D5DB9+530601]
Ordinal0 [0x010E4FF9+2117625]
Ordinal0 [0x010E98A8+2136232]
Ordinal0 [0x010E99E2+2136546]
Ordinal0 [0x010F3541+2176321]
timeGetTime [0x76436528+654264]
timeGetTime [0x7639D6FC+28044]
fltused [0x774D90B0+435020]
fltused [0x774D9068+434948]
fltused [0x775A3D2C+1265608]
]]>
            </message>
            <full-stacktrace>
              <![CDATA[org.openqa.selenium.SessionNotCreatedException: session not created: This version of ChromeDriver only supports Chrome version 96
Current browser version is 98.0.4758.82 with binary path C:\Program Files (x86)\Google\Chrome\Application\chrome.exe
Build info: version: '3.141.59', revision: 'e82be7d358', time: '2018-11-14T08:17:03'
System info: host: 'MIRHUQUE74C0', ip: '10.211.55.4', os.name: 'Windows 10', os.arch: 'amd64', os.version: '10.0', java.version: '1.8.0_311'
Driver info: driver.version: ChromeDriver
remote stacktrace: Backtrace:
Ordinal0 [0x01146903+2517251]
Ordinal0 [0x010DF8E1+2095329]
Ordinal0 [0x00FE2848+1058888]
Ordinal0 [0x01000B9D+1182621]
Ordinal0 [0x00FFCA60+1165920]
Ordinal0 [0x00FFA2CF+1155791]
Ordinal0 [0x0102AAAF+1354415]
Ordinal0 [0x0102A71A+1353498]
Ordinal0 [0x0102639B+1336219]
Ordinal0 [0x010027A7+1189799]
Ordinal0 [0x01003609+1193481]
GetHandleVerifier [0x012D5904+1577972]
GetHandleVerifier [0x01380B97+2279047]
GetHandleVerifier [0x011D6D09+534521]
GetHandleVerifier [0x011D5DB9+530601]
Ordinal0 [0x010E4FF9+2117625]
Ordinal0 [0x010E98A8+2136232]
Ordinal0 [0x010E99E2+2136546]
Ordinal0 [0x010F3541+2176321]
timeGetTime [0x76436528+654264]
timeGetTime [0x7639D6FC+28044]
fltused [0x774D90B0+435020]
fltused [0x774D9068+434948]
fltused [0x775A3D2C+1265608]

at sun.reflect.NativeConstructorAccessorImpl.newInstance0(Native Method)
at sun.reflect.NativeConstructorAccessorImpl.newInstance(NativeConstructorAccessorImpl.java:62)
at sun.reflect.DelegatingConstructorAccessorImpl.newInstance(DelegatingConstructorAccessorImpl.java:45)
at java.lang.reflect.Constructor.newInstance(Constructor.java:423)
at org.openqa.selenium.remote.W3CHandshakeResponse.lambda$errorHandler$0(W3CHandshakeResponse.java:62)
at org.openqa.selenium.remote.HandshakeResponse.lambda$getResponseFunction$0(HandshakeResponse.java:30)
at org.openqa.selenium.remote.ProtocolHandshake.lambda$createSession$0(ProtocolHandshake.java:126)
at java.util.stream.ReferencePipeline$3$1.accept(ReferencePipeline.java:193)
at java.util.Spliterators$ArraySpliterator.tryAdvance(Spliterators.java:958)
at java.util.stream.ReferencePipeline.forEachWithCancel(ReferencePipeline.java:126)
at java.util.stream.AbstractPipeline.copyIntoWithCancel(AbstractPipeline.java:499)
at java.util.stream.AbstractPipeline.copyInto(AbstractPipeline.java:486)
at java.util.stream.AbstractPipeline.wrapAndCopyInto(AbstractPipeline.java:472)
at java.util.stream.FindOps$FindOp.evaluateSequential(FindOps.java:152)
at java.util.stream.AbstractPipeline.evaluate(AbstractPipeline.java:234)
at java.util.stream.ReferencePipeline.findFirst(ReferencePipeline.java:464)
at org.openqa.selenium.remote.ProtocolHandshake.createSession(ProtocolHandshake.java:128)
at org.openqa.selenium.remote.ProtocolHandshake.createSession(ProtocolHandshake.java:74)
at org.openqa.selenium.remote.HttpCommandExecutor.execute(HttpCommandExecutor.java:136)
at org.openqa.selenium.remote.service.DriverCommandExecutor.execute(DriverCommandExecutor.java:83)
at org.openqa.selenium.remote.RemoteWebDriver.execute(RemoteWebDriver.java:552)
at org.openqa.selenium.remote.RemoteWebDriver.startSession(RemoteWebDriver.java:213)
at org.openqa.selenium.remote.RemoteWebDriver.<init>(RemoteWebDriver.java:131)
at org.openqa.selenium.chrome.ChromeDriver.<init>(ChromeDriver.java:181)
at org.openqa.selenium.chrome.ChromeDriver.<init>(ChromeDriver.java:168)
at org.openqa.selenium.chrome.ChromeDriver.<init>(ChromeDriver.java:123)
at com.baseclass.BaseClass.setUp(BaseClass.java:29)
at sun.reflect.NativeMethodAccessorImpl.invoke0(Native Method)
at sun.reflect.NativeMethodAccessorImpl.invoke(NativeMethodAccessorImpl.java:62)
at sun.reflect.DelegatingMethodAccessorImpl.invoke(DelegatingMethodAccessorImpl.java:43)
at java.lang.reflect.Method.invoke(Method.java:498)
at org.testng.internal.MethodInvocationHelper.invokeMethod(MethodInvocationHelper.java:124)
at org.testng.internal.MethodInvocationHelper.invokeMethodConsideringTimeout(MethodInvocationHelper.java:59)
at org.testng.internal.Invoker.invokeConfigurationMethod(Invoker.java:458)
at org.testng.internal.Invoker.invokeConfigurations(Invoker.java:222)
at org.testng.internal.Invoker.invokeMethod(Invoker.java:523)
at org.testng.internal.Invoker.invokeTestMethod(Invoker.java:719)
at org.testng.internal.Invoker.invokeTestMethods(Invoker.java:989)
at org.testng.internal.TestMethodWorker.invokeTestMethods(TestMethodWorker.java:125)
at org.testng.internal.TestMethodWorker.run(TestMethodWorker.java:109)
at org.testng.TestRunner.privateRun(TestRunner.java:648)
at org.testng.TestRunner.run(TestRunner.java:505)
at org.testng.SuiteRunner.runTest(SuiteRunner.java:455)
at org.testng.SuiteRunner.runSequentially(SuiteRunner.java:450)
at org.testng.SuiteRunner.privateRun(SuiteRunner.java:415)
at org.testng.SuiteRunner.run(SuiteRunner.java:364)
at org.testng.SuiteRunnerWorker.runSuite(SuiteRunnerWorker.java:52)
at org.testng.SuiteRunnerWorker.run(SuiteRunnerWorker.java:84)
at org.testng.TestNG.runSuitesSequentially(TestNG.java:1208)
at org.testng.TestNG.runSuitesLocally(TestNG.java:1137)
at org.testng.TestNG.runSuites(TestNG.java:1049)
at org.testng.TestNG.run(TestNG.java:1017)
at org.testng.remote.AbstractRemoteTestNG.run(AbstractRemoteTestNG.java:115)
at org.testng.remote.RemoteTestNG.initAndRun(RemoteTestNG.java:251)
at org.testng.remote.RemoteTestNG.main(RemoteTestNG.java:77)
]]>
            </full-stacktrace>
          </exception> <!-- org.openqa.selenium.SessionNotCreatedException -->
          <reporter-output>
          </reporter-output>
        </test-method> <!-- setUp -->
        <test-method status="SKIP" signature="openApplication()[pri:0, instance:com.baseclass.BaseClass@3af9c5b7]" name="openApplication" duration-ms="0" started-at="2022-02-11T00:19:52Z" finished-at="2022-02-11T00:19:52Z">
          <exception class="org.openqa.selenium.SessionNotCreatedException">
            <message>
              <![CDATA[session not created: This version of ChromeDriver only supports Chrome version 96
Current browser version is 98.0.4758.82 with binary path C:\Program Files (x86)\Google\Chrome\Application\chrome.exe
Build info: version: '3.141.59', revision: 'e82be7d358', time: '2018-11-14T08:17:03'
System info: host: 'MIRHUQUE74C0', ip: '10.211.55.4', os.name: 'Windows 10', os.arch: 'amd64', os.version: '10.0', java.version: '1.8.0_311'
Driver info: driver.version: ChromeDriver
remote stacktrace: Backtrace:
Ordinal0 [0x01146903+2517251]
Ordinal0 [0x010DF8E1+2095329]
Ordinal0 [0x00FE2848+1058888]
Ordinal0 [0x01000B9D+1182621]
Ordinal0 [0x00FFCA60+1165920]
Ordinal0 [0x00FFA2CF+1155791]
Ordinal0 [0x0102AAAF+1354415]
Ordinal0 [0x0102A71A+1353498]
Ordinal0 [0x0102639B+1336219]
Ordinal0 [0x010027A7+1189799]
Ordinal0 [0x01003609+1193481]
GetHandleVerifier [0x012D5904+1577972]
GetHandleVerifier [0x01380B97+2279047]
GetHandleVerifier [0x011D6D09+534521]
GetHandleVerifier [0x011D5DB9+530601]
Ordinal0 [0x010E4FF9+2117625]
Ordinal0 [0x010E98A8+2136232]
Ordinal0 [0x010E99E2+2136546]
Ordinal0 [0x010F3541+2176321]
timeGetTime [0x76436528+654264]
timeGetTime [0x7639D6FC+28044]
fltused [0x774D90B0+435020]
fltused [0x774D9068+434948]
fltused [0x775A3D2C+1265608]
]]>
            </message>
            <full-stacktrace>
              <![CDATA[org.openqa.selenium.SessionNotCreatedException: session not created: This version of ChromeDriver only supports Chrome version 96
Current browser version is 98.0.4758.82 with binary path C:\Program Files (x86)\Google\Chrome\Application\chrome.exe
Build info: version: '3.141.59', revision: 'e82be7d358', time: '2018-11-14T08:17:03'
System info: host: 'MIRHUQUE74C0', ip: '10.211.55.4', os.name: 'Windows 10', os.arch: 'amd64', os.version: '10.0', java.version: '1.8.0_311'
Driver info: driver.version: ChromeDriver
remote stacktrace: Backtrace:
Ordinal0 [0x01146903+2517251]
Ordinal0 [0x010DF8E1+2095329]
Ordinal0 [0x00FE2848+1058888]
Ordinal0 [0x01000B9D+1182621]
Ordinal0 [0x00FFCA60+1165920]
Ordinal0 [0x00FFA2CF+1155791]
Ordinal0 [0x0102AAAF+1354415]
Ordinal0 [0x0102A71A+1353498]
Ordinal0 [0x0102639B+1336219]
Ordinal0 [0x010027A7+1189799]
Ordinal0 [0x01003609+1193481]
GetHandleVerifier [0x012D5904+1577972]
GetHandleVerifier [0x01380B97+2279047]
GetHandleVerifier [0x011D6D09+534521]
GetHandleVerifier [0x011D5DB9+530601]
Ordinal0 [0x010E4FF9+2117625]
Ordinal0 [0x010E98A8+2136232]
Ordinal0 [0x010E99E2+2136546]
Ordinal0 [0x010F3541+2176321]
timeGetTime [0x76436528+654264]
timeGetTime [0x7639D6FC+28044]
fltused [0x774D90B0+435020]
fltused [0x774D9068+434948]
fltused [0x775A3D2C+1265608]

at sun.reflect.NativeConstructorAccessorImpl.newInstance0(Native Method)
at sun.reflect.NativeConstructorAccessorImpl.newInstance(NativeConstructorAccessorImpl.java:62)
at sun.reflect.DelegatingConstructorAccessorImpl.newInstance(DelegatingConstructorAccessorImpl.java:45)
at java.lang.reflect.Constructor.newInstance(Constructor.java:423)
at org.openqa.selenium.remote.W3CHandshakeResponse.lambda$errorHandler$0(W3CHandshakeResponse.java:62)
at org.openqa.selenium.remote.HandshakeResponse.lambda$getResponseFunction$0(HandshakeResponse.java:30)
at org.openqa.selenium.remote.ProtocolHandshake.lambda$createSession$0(ProtocolHandshake.java:126)
at java.util.stream.ReferencePipeline$3$1.accept(ReferencePipeline.java:193)
at java.util.Spliterators$ArraySpliterator.tryAdvance(Spliterators.java:958)
at java.util.stream.ReferencePipeline.forEachWithCancel(ReferencePipeline.java:126)
at java.util.stream.AbstractPipeline.copyIntoWithCancel(AbstractPipeline.java:499)
at java.util.stream.AbstractPipeline.copyInto(AbstractPipeline.java:486)
at java.util.stream.AbstractPipeline.wrapAndCopyInto(AbstractPipeline.java:472)
at java.util.stream.FindOps$FindOp.evaluateSequential(FindOps.java:152)
at java.util.stream.AbstractPipeline.evaluate(AbstractPipeline.java:234)
at java.util.stream.ReferencePipeline.findFirst(ReferencePipeline.java:464)
at org.openqa.selenium.remote.ProtocolHandshake.createSession(ProtocolHandshake.java:128)
at org.openqa.selenium.remote.ProtocolHandshake.createSession(ProtocolHandshake.java:74)
at org.openqa.selenium.remote.HttpCommandExecutor.execute(HttpCommandExecutor.java:136)
at org.openqa.selenium.remote.service.DriverCommandExecutor.execute(DriverCommandExecutor.java:83)
at org.openqa.selenium.remote.RemoteWebDriver.execute(RemoteWebDriver.java:552)
at org.openqa.selenium.remote.RemoteWebDriver.startSession(RemoteWebDriver.java:213)
at org.openqa.selenium.remote.RemoteWebDriver.<init>(RemoteWebDriver.java:131)
at org.openqa.selenium.chrome.ChromeDriver.<init>(ChromeDriver.java:181)
at org.openqa.selenium.chrome.ChromeDriver.<init>(ChromeDriver.java:168)
at org.openqa.selenium.chrome.ChromeDriver.<init>(ChromeDriver.java:123)
at com.baseclass.BaseClass.setUp(BaseClass.java:29)
at sun.reflect.NativeMethodAccessorImpl.invoke0(Native Method)
at sun.reflect.NativeMethodAccessorImpl.invoke(NativeMethodAccessorImpl.java:62)
at sun.reflect.DelegatingMethodAccessorImpl.invoke(DelegatingMethodAccessorImpl.java:43)
at java.lang.reflect.Method.invoke(Method.java:498)
at org.testng.internal.MethodInvocationHelper.invokeMethod(MethodInvocationHelper.java:124)
at org.testng.internal.MethodInvocationHelper.invokeMethodConsideringTimeout(MethodInvocationHelper.java:59)
at org.testng.internal.Invoker.invokeConfigurationMethod(Invoker.java:458)
at org.testng.internal.Invoker.invokeConfigurations(Invoker.java:222)
at org.testng.internal.Invoker.invokeMethod(Invoker.java:523)
at org.testng.internal.Invoker.invokeTestMethod(Invoker.java:719)
at org.testng.internal.Invoker.invokeTestMethods(Invoker.java:989)
at org.testng.internal.TestMethodWorker.invokeTestMethods(TestMethodWorker.java:125)
at org.testng.internal.TestMethodWorker.run(TestMethodWorker.java:109)
at org.testng.TestRunner.privateRun(TestRunner.java:648)
at org.testng.TestRunner.run(TestRunner.java:505)
at org.testng.SuiteRunner.runTest(SuiteRunner.java:455)
at org.testng.SuiteRunner.runSequentially(SuiteRunner.java:450)
at org.testng.SuiteRunner.privateRun(SuiteRunner.java:415)
at org.testng.SuiteRunner.run(SuiteRunner.java:364)
at org.testng.SuiteRunnerWorker.runSuite(SuiteRunnerWorker.java:52)
at org.testng.SuiteRunnerWorker.run(SuiteRunnerWorker.java:84)
at org.testng.TestNG.runSuitesSequentially(TestNG.java:1208)
at org.testng.TestNG.runSuitesLocally(TestNG.java:1137)
at org.testng.TestNG.runSuites(TestNG.java:1049)
at org.testng.TestNG.run(TestNG.java:1017)
at org.testng.remote.AbstractRemoteTestNG.run(AbstractRemoteTestNG.java:115)
at org.testng.remote.RemoteTestNG.initAndRun(RemoteTestNG.java:251)
at org.testng.remote.RemoteTestNG.main(RemoteTestNG.java:77)
]]>
            </full-stacktrace>
          </exception> <!-- org.openqa.selenium.SessionNotCreatedException -->
          <reporter-output>
          </reporter-output>
        </test-method> <!-- openApplication -->
      </class> <!-- com.baseclass.BaseClass -->
    </test> <!-- Chrome Browser Test -->
    <test name="Firefox Browser Test" duration-ms="2772" started-at="2022-02-11T00:19:52Z" finished-at="2022-02-11T00:19:55Z">
      <class name="com.baseclass.BaseClass">
        <test-method status="PASS" signature="setUp(java.lang.String)[pri:0, instance:com.baseclass.BaseClass@a1cdc6d]" name="setUp" is-config="true" duration-ms="2232" started-at="2022-02-11T00:19:52Z" finished-at="2022-02-11T00:19:54Z">
          <params>
            <param index="0">
              <value>
                <![CDATA[firefox]]>
              </value>
            </param>
          </params>
          <reporter-output>
          </reporter-output>
        </test-method> <!-- setUp -->
        <test-method status="PASS" signature="openApplication()[pri:0, instance:com.baseclass.BaseClass@a1cdc6d]" name="openApplication" duration-ms="529" started-at="2022-02-11T00:19:54Z" finished-at="2022-02-11T00:19:55Z">
          <reporter-output>
          </reporter-output>
        </test-method> <!-- openApplication -->
      </class> <!-- com.baseclass.BaseClass -->
    </test> <!-- Firefox Browser Test -->
  </suite> <!-- CrossBrowserTestExample -->
</testng-results>
