<?xml version="1.0" encoding="UTF-8"?>
<!-- Generated by org.testng.reporters.JUnitXMLReporter -->
<testsuite hostname="MIRHUQUE74C0" ignored="0" name="Test" tests="2" failures="0" timestamp="28 Feb 2022 02:50:57 GMT" time="0.058" errors="0">
  <testcase name="@BeforeMethod setUp" time="0.0" classname="com.baseclass.BaseClass">
    <failure type="org.testng.TestNGException" message="
Parameter &amp;apos;browser&amp;apos; is required by BeforeMethod on method setUp but has not been marked @Optional or defined
in C:\Users\mirhuque\git\mainrepo\Automation_Framework\selenium.xml">
      <![CDATA[org.testng.TestNGException: 
Parameter 'browser' is required by BeforeMethod on method setUp but has not been marked @Optional or defined
in C:\Users\mirhuque\git\mainrepo\Automation_Framework\selenium.xml
... Removed 25 stack frames]]>
    </failure>
  </testcase> <!-- @BeforeMethod setUp -->
  <testcase name="@BeforeMethod setUp" time="0.0" classname="com.baseclass.BaseClass">
    <skipped/>
  </testcase> <!-- @BeforeMethod setUp -->
  <testcase name="alertMessage" time="0.0" classname="com.seleniumchallenges.Alerts">
    <skipped/>
  </testcase> <!-- alertMessage -->
  <testcase name="openApplication" time="0.0" classname="com.baseclass.BaseClass">
    <skipped/>
  </testcase> <!-- openApplication -->
</testsuite> <!-- Test -->
